# JRE version: OpenJDK Runtime Environment Corretto-17.0.5.8.1 (17.0.5+8) (build 17.0.5+8-LTS)
# Java VM: OpenJDK 64-Bit Server VM Corretto-17.0.5.8.1 (17.0.5+8-LTS, mixed mode, sharing, tiered, compressed oops, compressed class ptrs, g1 gc, linux-amd64)
GC Precious Log:
 CPUs: 8 total, 8 available
 Memory: 15745M
 Large Page Support: Disabled
 NUMA Support: Disabled
 Compressed Oops: Enabled (Zero based)
 Heap Region Size: 2M
 Heap Min Capacity: 8M
 Heap Initial Capacity: 248M
 Heap Max Capacity: 3938M
 Pre-touch: Disabled
 Parallel Workers: 8
 Concurrent Workers: 2
 Concurrent Refinement Workers: 8
 Periodic GC: Disabled
Heap:
 garbage-first heap   total 61440K, used 47546K [0x0000000709e00000, 0x0000000800000000)
  region size 2048K, 15 young (30720K), 1 survivors (2048K)
 Metaspace       used 28857K, committed 29184K, reserved 1081344K
  class space    used 2748K, committed 2880K, reserved 1048576K
GC Heap History (20 events):
Event: 150,551 GC heap before
{Heap before GC invocations=14 (full 0):
 garbage-first heap   total 61440K, used 45477K [0x0000000709e00000, 0x0000000800000000)
  region size 2048K, 14 young (28672K), 1 survivors (2048K)
 Metaspace       used 28780K, committed 29056K, reserved 1081344K
  class space    used 2747K, committed 2880K, reserved 1048576K
}
Event: 150,554 GC heap after
{Heap after GC invocations=15 (full 0):
 garbage-first heap   total 61440K, used 19103K [0x0000000709e00000, 0x0000000800000000)
  region size 2048K, 1 young (2048K), 1 survivors (2048K)
 Metaspace       used 28780K, committed 29056K, reserved 1081344K
  class space    used 2747K, committed 2880K, reserved 1048576K
}
Event: 150,883 GC heap before
{Heap before GC invocations=15 (full 0):
 garbage-first heap   total 61440K, used 45727K [0x0000000709e00000, 0x0000000800000000)
  region size 2048K, 14 young (28672K), 1 survivors (2048K)
 Metaspace       used 28798K, committed 29056K, reserved 1081344K
  class space    used 2747K, committed 2880K, reserved 1048576K
}
Event: 150,884 GC heap after
{Heap after GC invocations=16 (full 0):
 garbage-first heap   total 61440K, used 18873K [0x0000000709e00000, 0x0000000800000000)
  region size 2048K, 1 young (2048K), 1 survivors (2048K)
 Metaspace       used 28798K, committed 29056K, reserved 1081344K
  class space    used 2747K, committed 2880K, reserved 1048576K
}
Event: 151,273 GC heap before
{Heap before GC invocations=16 (full 0):
 garbage-first heap   total 61440K, used 45497K [0x0000000709e00000, 0x0000000800000000)
  region size 2048K, 14 young (28672K), 1 survivors (2048K)
 Metaspace       used 28807K, committed 29056K, reserved 1081344K
  class space    used 2747K, committed 2880K, reserved 1048576K
}
Event: 151,275 GC heap after
{Heap after GC invocations=17 (full 0):
 garbage-first heap   total 61440K, used 18863K [0x0000000709e00000, 0x0000000800000000)
  region size 2048K, 1 young (2048K), 1 survivors (2048K)
 Metaspace       used 28807K, committed 29056K, reserved 1081344K
  class space    used 2747K, committed 2880K, reserved 1048576K
}
Event: 151,605 GC heap before
{Heap before GC invocations=17 (full 0):
 garbage-first heap   total 61440K, used 45487K [0x0000000709e00000, 0x0000000800000000)
  region size 2048K, 14 young (28672K), 1 survivors (2048K)
 Metaspace       used 28811K, committed 29056K, reserved 1081344K
  class space    used 2747K, committed 2880K, reserved 1048576K
}
Event: 151,606 GC heap after
{Heap after GC invocations=18 (full 0):
 garbage-first heap   total 61440K, used 18857K [0x0000000709e00000, 0x0000000800000000)
  region size 2048K, 1 young (2048K), 1 survivors (2048K)
 Metaspace       used 28811K, committed 29056K, reserved 1081344K
  class space    used 2747K, committed 2880K, reserved 1048576K
}
Event: 152,004 GC heap before
{Heap before GC invocations=18 (full 0):
 garbage-first heap   total 61440K, used 47529K [0x0000000709e00000, 0x0000000800000000)
  region size 2048K, 15 young (30720K), 1 survivors (2048K)
 Metaspace       used 28812K, committed 29056K, reserved 1081344K
  class space    used 2747K, committed 2880K, reserved 1048576K
}
Event: 152,005 GC heap after
{Heap after GC invocations=19 (full 0):
 garbage-first heap   total 61440K, used 18865K [0x0000000709e00000, 0x0000000800000000)
  region size 2048K, 1 young (2048K), 1 survivors (2048K)
 Metaspace       used 28812K, committed 29056K, reserved 1081344K
  class space    used 2747K, committed 2880K, reserved 1048576K
}
Event: 152,401 GC heap before
{Heap before GC invocations=19 (full 0):
 garbage-first heap   total 61440K, used 47537K [0x0000000709e00000, 0x0000000800000000)
  region size 2048K, 15 young (30720K), 1 survivors (2048K)
 Metaspace       used 28814K, committed 29056K, reserved 1081344K
  class space    used 2747K, committed 2880K, reserved 1048576K
}
Event: 152,402 GC heap after
{Heap after GC invocations=20 (full 0):
 garbage-first heap   total 61440K, used 18869K [0x0000000709e00000, 0x0000000800000000)
  region size 2048K, 1 young (2048K), 1 survivors (2048K)
 Metaspace       used 28814K, committed 29056K, reserved 1081344K
  class space    used 2747K, committed 2880K, reserved 1048576K
}
Event: 152,799 GC heap before
{Heap before GC invocations=20 (full 0):
 garbage-first heap   total 61440K, used 47541K [0x0000000709e00000, 0x0000000800000000)
  region size 2048K, 15 young (30720K), 1 survivors (2048K)
 Metaspace       used 28815K, committed 29056K, reserved 1081344K
  class space    used 2747K, committed 2880K, reserved 1048576K
}
Event: 152,800 GC heap after
{Heap after GC invocations=21 (full 0):
 garbage-first heap   total 61440K, used 18863K [0x0000000709e00000, 0x0000000800000000)
  region size 2048K, 1 young (2048K), 1 survivors (2048K)
 Metaspace       used 28815K, committed 29056K, reserved 1081344K
  class space    used 2747K, committed 2880K, reserved 1048576K
}
Event: 153,197 GC heap before
{Heap before GC invocations=21 (full 0):
 garbage-first heap   total 61440K, used 47535K [0x0000000709e00000, 0x0000000800000000)
  region size 2048K, 15 young (30720K), 1 survivors (2048K)
 Metaspace       used 28817K, committed 29120K, reserved 1081344K
  class space    used 2747K, committed 2880K, reserved 1048576K
}
Event: 153,198 GC heap after
{Heap after GC invocations=22 (full 0):
 garbage-first heap   total 61440K, used 18865K [0x0000000709e00000, 0x0000000800000000)
  region size 2048K, 1 young (2048K), 1 survivors (2048K)
 Metaspace       used 28817K, committed 29120K, reserved 1081344K
  class space    used 2747K, committed 2880K, reserved 1048576K
}
Event: 153,535 GC heap before
{Heap before GC invocations=22 (full 0):
 garbage-first heap   total 61440K, used 47537K [0x0000000709e00000, 0x0000000800000000)
  region size 2048K, 15 young (30720K), 1 survivors (2048K)
 Metaspace       used 28820K, committed 29120K, reserved 1081344K
  class space    used 2747K, committed 2880K, reserved 1048576K
}
Event: 153,536 GC heap after
{Heap after GC invocations=23 (full 0):
 garbage-first heap   total 61440K, used 18863K [0x0000000709e00000, 0x0000000800000000)
  region size 2048K, 1 young (2048K), 1 survivors (2048K)
 Metaspace       used 28820K, committed 29120K, reserved 1081344K
  class space    used 2747K, committed 2880K, reserved 1048576K
}
Event: 153,935 GC heap before
{Heap before GC invocations=23 (full 0):
 garbage-first heap   total 61440K, used 47535K [0x0000000709e00000, 0x0000000800000000)
  region size 2048K, 15 young (30720K), 1 survivors (2048K)
 Metaspace       used 28827K, committed 29120K, reserved 1081344K
  class space    used 2747K, committed 2880K, reserved 1048576K
}
Event: 153,936 GC heap after
{Heap after GC invocations=24 (full 0):
 garbage-first heap   total 61440K, used 18874K [0x0000000709e00000, 0x0000000800000000)
  region size 2048K, 1 young (2048K), 1 survivors (2048K)
 Metaspace       used 28827K, committed 29120K, reserved 1081344K
  class space    used 2747K, committed 2880K, reserved 1048576K
}

